Determining if the pthread_create exist failed with the following output:
Change Dir: /home/delivery/Behaviors/Hardware/HC-SR04/build/CMakeFiles/CMakeTmp

Run Build Command:"/usr/bin/make" "cmTC_44696/fast"
/usr/bin/make -f CMakeFiles/cmTC_44696.dir/build.make CMakeFiles/cmTC_44696.dir/build
make[1]: Entering directory '/home/delivery/Behaviors/Hardware/HC-SR04/build/CMakeFiles/CMakeTmp'
Building C object CMakeFiles/cmTC_44696.dir/CheckSymbolExists.c.o
/usr/bin/cc     -o CMakeFiles/cmTC_44696.dir/CheckSymbolExists.c.o   -c /home/delivery/Behaviors/Hardware/HC-SR04/build/CMakeFiles/CMakeTmp/CheckSymbolExists.c
Linking C executable cmTC_44696
/usr/bin/cmake -E cmake_link_script CMakeFiles/cmTC_44696.dir/link.txt --verbose=1
/usr/bin/cc       CMakeFiles/cmTC_44696.dir/CheckSymbolExists.c.o  -o cmTC_44696 -rdynamic 
CMakeFiles/cmTC_44696.dir/CheckSymbolExists.c.o: In function `main':
CheckSymbolExists.c:(.text+0x38): undefined reference to `pthread_create'
collect2: error: ld returned 1 exit status
CMakeFiles/cmTC_44696.dir/build.make:97: recipe for target 'cmTC_44696' failed
make[1]: *** [cmTC_44696] Error 1
make[1]: Leaving directory '/home/delivery/Behaviors/Hardware/HC-SR04/build/CMakeFiles/CMakeTmp'
Makefile:126: recipe for target 'cmTC_44696/fast' failed
make: *** [cmTC_44696/fast] Error 2

File /home/delivery/Behaviors/Hardware/HC-SR04/build/CMakeFiles/CMakeTmp/CheckSymbolExists.c:
/* */
#include <pthread.h>

int main(int argc, char** argv)
{
  (void)argv;
#ifndef pthread_create
  return ((int*)(&pthread_create))[argc];
#else
  (void)argc;
  return 0;
#endif
}

Determining if the function pthread_create exists in the pthreads failed with the following output:
Change Dir: /home/delivery/Behaviors/Hardware/HC-SR04/build/CMakeFiles/CMakeTmp

Run Build Command:"/usr/bin/make" "cmTC_47d55/fast"
/usr/bin/make -f CMakeFiles/cmTC_47d55.dir/build.make CMakeFiles/cmTC_47d55.dir/build
make[1]: Entering directory '/home/delivery/Behaviors/Hardware/HC-SR04/build/CMakeFiles/CMakeTmp'
Building C object CMakeFiles/cmTC_47d55.dir/CheckFunctionExists.c.o
/usr/bin/cc    -DCHECK_FUNCTION_EXISTS=pthread_create   -o CMakeFiles/cmTC_47d55.dir/CheckFunctionExists.c.o   -c /usr/share/cmake-3.7/Modules/CheckFunctionExists.c
Linking C executable cmTC_47d55
/usr/bin/cmake -E cmake_link_script CMakeFiles/cmTC_47d55.dir/link.txt --verbose=1
/usr/bin/cc   -DCHECK_FUNCTION_EXISTS=pthread_create    CMakeFiles/cmTC_47d55.dir/CheckFunctionExists.c.o  -o cmTC_47d55 -rdynamic -lpthreads 
/usr/bin/ld: cannot find -lpthreads
collect2: error: ld returned 1 exit status
CMakeFiles/cmTC_47d55.dir/build.make:97: recipe for target 'cmTC_47d55' failed
make[1]: *** [cmTC_47d55] Error 1
make[1]: Leaving directory '/home/delivery/Behaviors/Hardware/HC-SR04/build/CMakeFiles/CMakeTmp'
Makefile:126: recipe for target 'cmTC_47d55/fast' failed
make: *** [cmTC_47d55/fast] Error 2


